TN:
SF:lib/jazz.js
FN:18,compile
FNF:1
FNH:1
FNDA:2,compile
DA:1,3
DA:2,3
DA:3,3
DA:4,3
DA:5,3
DA:6,3
DA:7,3
DA:8,3
DA:9,3
DA:10,3
DA:11,3
DA:12,3
DA:13,3
DA:14,3
DA:15,3
DA:16,3
DA:17,3
DA:18,2
DA:19,2
DA:20,2
DA:21,2
DA:22,2
DA:23,2
DA:24,2
DA:25,2
DA:26,2
DA:27,2
DA:28,2
DA:29,2
DA:30,3
DA:31,3
DA:32,3
DA:33,3
DA:34,3
DA:35,3
DA:36,3
DA:37,3
DA:38,3
DA:39,3
DA:40,3
DA:41,3
LF:41
LH:41
BRDA:1,0,0,3
BRDA:18,1,0,2
BRDA:19,2,0,1
BRDA:22,3,0,1
BRDA:25,4,0,1
BRF:5
BRH:5
end_of_record
TN:
SF:lib/jazz/ast.js
FN:9,arrayToString
FN:27,AST
FN:32,toString
FN:46,Suite
FN:51,toString
FN:65,Ident
FN:70,toString
FN:86,IfStmt
FN:93,toString
FN:109,ForEach
FN:116,toString
FN:130,Echo
FN:135,toString
FN:151,GetAttr
FN:157,toString
FN:173,Call
FN:178,toString
FN:192,Str
FN:196,toString
FN:210,Num
FN:214,toString
FN:228,Bool
FN:232,toString
FN:247,And
FN:252,toString
FN:267,Or
FN:272,toString
FN:286,Not
FN:290,toString
FN:306,BinOp
FN:312,toString
FN:326,Empty
FN:330,toString
FN:344,Hash
FN:348,toString
FN:365,SyncCall
FN:370,toString
FN:385,GetArr
FN:391,toString
FNF:39
FNH:39
FNDA:5,arrayToString
FNDA:9,AST
FNDA:1,toString
FNDA:24,Suite
FNDA:5,toString
FNDA:70,Ident
FNDA:18,toString
FNDA:8,IfStmt
FNDA:2,toString
FNDA:4,ForEach
FNDA:1,toString
FNDA:40,Echo
FNDA:2,toString
FNDA:9,GetAttr
FNDA:2,toString
FNDA:6,Call
FNDA:2,toString
FNDA:38,Str
FNDA:4,toString
FNDA:24,Num
FNDA:8,toString
FNDA:7,Bool
FNDA:3,toString
FNDA:6,And
FNDA:1,toString
FNDA:3,Or
FNDA:1,toString
FNDA:3,Not
FNDA:1,toString
FNDA:5,BinOp
FNDA:1,toString
FNDA:4,Empty
FNDA:1,toString
FNDA:3,Hash
FNDA:1,toString
FNDA:4,SyncCall
FNDA:2,toString
FNDA:3,GetArr
FNDA:1,toString
DA:1,1
DA:2,1
DA:3,1
DA:4,1
DA:5,1
DA:6,1
DA:7,1
DA:8,1
DA:9,5
DA:10,5
DA:11,5
DA:12,8
DA:13,5
DA:14,5
DA:15,5
DA:16,1
DA:17,1
DA:18,1
DA:19,1
DA:20,1
DA:21,1
DA:22,1
DA:23,1
DA:24,1
DA:25,1
DA:26,1
DA:27,1
DA:28,9
DA:29,9
DA:30,9
DA:31,1
DA:32,1
DA:33,1
DA:34,1
DA:35,1
DA:36,1
DA:37,1
DA:38,1
DA:39,1
DA:40,1
DA:41,1
DA:42,1
DA:43,1
DA:44,1
DA:45,1
DA:46,1
DA:47,24
DA:48,24
DA:49,24
DA:50,1
DA:51,1
DA:52,5
DA:53,5
DA:54,1
DA:55,1
DA:56,1
DA:57,1
DA:58,1
DA:59,1
DA:60,1
DA:61,1
DA:62,1
DA:63,1
DA:64,1
DA:65,1
DA:66,70
DA:67,70
DA:68,70
DA:69,1
DA:70,1
DA:71,18
DA:72,18
DA:73,1
DA:74,1
DA:75,1
DA:76,1
DA:77,1
DA:78,1
DA:79,1
DA:80,1
DA:81,1
DA:82,1
DA:83,1
DA:84,1
DA:85,1
DA:86,1
DA:87,8
DA:88,8
DA:89,8
DA:90,8
DA:91,8
DA:92,1
DA:93,1
DA:94,2
DA:95,2
DA:96,1
DA:97,1
DA:98,1
DA:99,1
DA:100,1
DA:101,1
DA:102,1
DA:103,1
DA:104,1
DA:105,1
DA:106,1
DA:107,1
DA:108,1
DA:109,1
DA:110,4
DA:111,4
DA:112,4
DA:113,4
DA:114,4
DA:115,1
DA:116,1
DA:117,1
DA:118,1
DA:119,1
DA:120,1
DA:121,1
DA:122,1
DA:123,1
DA:124,1
DA:125,1
DA:126,1
DA:127,1
DA:128,1
DA:129,1
DA:130,1
DA:131,40
DA:132,40
DA:133,40
DA:134,1
DA:135,1
DA:136,2
DA:137,2
DA:138,1
DA:139,1
DA:140,1
DA:141,1
DA:142,1
DA:143,1
DA:144,1
DA:145,1
DA:146,1
DA:147,1
DA:148,1
DA:149,1
DA:150,1
DA:151,1
DA:152,9
DA:153,9
DA:154,9
DA:155,9
DA:156,1
DA:157,1
DA:158,2
DA:159,2
DA:160,2
DA:161,1
DA:162,1
DA:163,1
DA:164,1
DA:165,1
DA:166,1
DA:167,1
DA:168,1
DA:169,1
DA:170,1
DA:171,1
DA:172,1
DA:173,1
DA:174,6
DA:175,6
DA:176,6
DA:177,1
DA:178,1
DA:179,2
DA:180,2
DA:181,1
DA:182,1
DA:183,1
DA:184,1
DA:185,1
DA:186,1
DA:187,1
DA:188,1
DA:189,1
DA:190,1
DA:191,1
DA:192,1
DA:193,38
DA:194,38
DA:195,1
DA:196,1
DA:197,4
DA:198,4
DA:199,1
DA:200,1
DA:201,1
DA:202,1
DA:203,1
DA:204,1
DA:205,1
DA:206,1
DA:207,1
DA:208,1
DA:209,1
DA:210,1
DA:211,24
DA:212,24
DA:213,1
DA:214,1
DA:215,8
DA:216,8
DA:217,1
DA:218,1
DA:219,1
DA:220,1
DA:221,1
DA:222,1
DA:223,1
DA:224,1
DA:225,1
DA:226,1
DA:227,1
DA:228,1
DA:229,7
DA:230,7
DA:231,1
DA:232,1
DA:233,3
DA:234,3
DA:235,1
DA:236,1
DA:237,1
DA:238,1
DA:239,1
DA:240,1
DA:241,1
DA:242,1
DA:243,1
DA:244,1
DA:245,1
DA:246,1
DA:247,1
DA:248,6
DA:249,6
DA:250,6
DA:251,1
DA:252,1
DA:253,1
DA:254,1
DA:255,1
DA:256,1
DA:257,1
DA:258,1
DA:259,1
DA:260,1
DA:261,1
DA:262,1
DA:263,1
DA:264,1
DA:265,1
DA:266,1
DA:267,1
DA:268,3
DA:269,3
DA:270,3
DA:271,1
DA:272,1
DA:273,1
DA:274,1
DA:275,1
DA:276,1
DA:277,1
DA:278,1
DA:279,1
DA:280,1
DA:281,1
DA:282,1
DA:283,1
DA:284,1
DA:285,1
DA:286,1
DA:287,3
DA:288,3
DA:289,1
DA:290,1
DA:291,1
DA:292,1
DA:293,1
DA:294,1
DA:295,1
DA:296,1
DA:297,1
DA:298,1
DA:299,1
DA:300,1
DA:301,1
DA:302,1
DA:303,1
DA:304,1
DA:305,1
DA:306,1
DA:307,5
DA:308,5
DA:309,5
DA:310,5
DA:311,1
DA:312,1
DA:313,1
DA:314,1
DA:315,1
DA:316,1
DA:317,1
DA:318,1
DA:319,1
DA:320,1
DA:321,1
DA:322,1
DA:323,1
DA:324,1
DA:325,1
DA:326,1
DA:327,4
DA:328,4
DA:329,1
DA:330,1
DA:331,1
DA:332,1
DA:333,1
DA:334,1
DA:335,1
DA:336,1
DA:337,1
DA:338,1
DA:339,1
DA:340,1
DA:341,1
DA:342,1
DA:343,1
DA:344,1
DA:345,3
DA:346,3
DA:347,1
DA:348,1
DA:349,1
DA:350,1
DA:351,1
DA:352,1
DA:353,1
DA:354,1
DA:355,1
DA:356,1
DA:357,1
DA:358,1
DA:359,1
DA:360,1
DA:361,1
DA:362,1
DA:363,1
DA:364,1
DA:365,1
DA:366,4
DA:367,4
DA:368,4
DA:369,1
DA:370,1
DA:371,2
DA:372,2
DA:373,1
DA:374,1
DA:375,1
DA:376,1
DA:377,1
DA:378,1
DA:379,1
DA:380,1
DA:381,1
DA:382,1
DA:383,1
DA:384,1
DA:385,1
DA:386,3
DA:387,3
DA:388,3
DA:389,3
DA:390,1
DA:391,1
DA:392,1
DA:393,1
DA:394,1
DA:395,1
DA:396,1
DA:397,1
DA:398,1
DA:399,1
DA:400,1
DA:401,1
DA:402,1
DA:403,1
DA:404,1
DA:405,1
DA:406,1
DA:407,1
DA:408,1
DA:409,1
DA:410,1
DA:411,1
DA:412,1
DA:413,1
DA:414,1
DA:415,1
DA:416,1
DA:417,1
DA:418,1
DA:419,1
DA:420,1
DA:421,1
DA:422,1
DA:423,1
DA:424,1
DA:425,1
DA:426,1
DA:427,1
DA:428,1
DA:429,1
DA:430,1
DA:431,1
DA:432,1
DA:433,1
DA:434,1
DA:435,1
DA:436,1
DA:437,1
DA:438,1
LF:438
LH:438
BRDA:1,0,0,1
BRDA:9,1,0,5
BRDA:11,2,0,8
BRDA:12,3,0,7
BRDA:12,4,0,1
BRDA:27,5,0,9
BRDA:32,6,0,1
BRDA:46,7,0,24
BRDA:51,8,0,5
BRDA:52,9,0,3
BRDA:65,10,0,70
BRDA:70,11,0,18
BRDA:86,12,0,8
BRDA:93,13,0,2
BRDA:94,14,0,1
BRDA:94,15,0,1
BRDA:109,16,0,4
BRDA:116,17,0,1
BRDA:130,18,0,40
BRDA:135,19,0,2
BRDA:151,20,0,9
BRDA:157,21,0,2
BRDA:158,22,0,1
BRDA:158,23,0,1
BRDA:173,24,0,6
BRDA:178,25,0,2
BRDA:179,26,0,1
BRDA:179,27,0,1
BRDA:192,28,0,38
BRDA:196,29,0,4
BRDA:210,30,0,24
BRDA:214,31,0,8
BRDA:228,32,0,7
BRDA:232,33,0,3
BRDA:247,34,0,6
BRDA:252,35,0,1
BRDA:267,36,0,3
BRDA:272,37,0,1
BRDA:286,38,0,3
BRDA:290,39,0,1
BRDA:306,40,0,5
BRDA:312,41,0,1
BRDA:326,42,0,4
BRDA:330,43,0,1
BRDA:344,44,0,3
BRDA:348,45,0,1
BRDA:350,46,0,2
BRDA:365,47,0,4
BRDA:370,48,0,2
BRDA:371,49,0,1
BRDA:371,50,0,1
BRDA:385,51,0,3
BRDA:391,52,0,1
BRF:53
BRH:53
end_of_record
TN:
SF:lib/jazz/compiler.js
FN:18,CompileError
FN:31,toString
FN:46,Program
FN:59,eval
FN:70,process
FN:81,_namespaceToArgs
FN:97,CompilerJS
FN:102,_prologue
FN:131,_epilogue
FN:145,compile
FN:152,_newVar
FN:158,_compileSuite
FN:167,_compileStatement
FN:194,_compileEcho
FN:202,_compileCall
FN:217,_compileIfStmt
FN:228,_compileForEach
FN:263,_compileHash
FN:281,_compileExpr
FN:370,createCompiler
FNF:20
FNH:20
FNDA:3,CompileError
FNDA:1,toString
FNDA:5,Program
FNDA:1,eval
FNDA:5,process
FNDA:5,_namespaceToArgs
FNDA:7,CompilerJS
FNDA:3,_prologue
FNDA:3,_epilogue
FNDA:3,compile
FNDA:45,_newVar
FNDA:10,_compileSuite
FNDA:41,_compileStatement
FNDA:34,_compileEcho
FNDA:1,_compileCall
FNDA:2,_compileIfStmt
FNDA:2,_compileForEach
FNDA:1,_compileHash
FNDA:90,_compileExpr
FNDA:7,createCompiler
DA:1,1
DA:2,1
DA:3,1
DA:4,1
DA:5,1
DA:6,1
DA:7,1
DA:8,1
DA:9,1
DA:10,1
DA:11,1
DA:12,1
DA:13,1
DA:14,1
DA:15,1
DA:16,1
DA:17,1
DA:18,1
DA:19,3
DA:20,3
DA:21,3
DA:22,3
DA:23,3
DA:24,3
DA:25,1
DA:26,1
DA:27,1
DA:28,1
DA:29,1
DA:30,1
DA:31,1
DA:32,1
DA:33,1
DA:34,1
DA:35,1
DA:36,1
DA:37,1
DA:38,1
DA:39,1
DA:40,1
DA:41,1
DA:42,1
DA:43,1
DA:44,1
DA:45,1
DA:46,1
DA:47,5
DA:48,5
DA:49,5
DA:50,1
DA:51,1
DA:52,1
DA:53,1
DA:54,1
DA:55,1
DA:56,1
DA:57,1
DA:58,1
DA:59,1
DA:60,1
DA:61,1
DA:62,1
DA:63,1
DA:64,1
DA:65,1
DA:66,1
DA:67,1
DA:68,1
DA:69,1
DA:70,1
DA:71,5
DA:72,5
DA:73,5
DA:74,1
DA:75,1
DA:76,1
DA:77,1
DA:78,1
DA:79,1
DA:80,1
DA:81,1
DA:82,5
DA:83,5
DA:84,13
DA:85,13
DA:86,5
DA:87,5
DA:88,1
DA:89,1
DA:90,1
DA:91,1
DA:92,1
DA:93,1
DA:94,1
DA:95,1
DA:96,1
DA:97,1
DA:98,7
DA:99,7
DA:100,7
DA:101,1
DA:102,1
DA:103,3
DA:104,3
DA:105,3
DA:106,3
DA:107,3
DA:108,3
DA:109,3
DA:110,3
DA:111,3
DA:112,3
DA:113,3
DA:114,3
DA:115,3
DA:116,3
DA:117,3
DA:118,3
DA:119,3
DA:120,3
DA:121,3
DA:122,3
DA:123,3
DA:124,10
DA:125,10
DA:126,10
DA:127,3
DA:128,3
DA:129,3
DA:130,1
DA:131,1
DA:132,3
DA:133,3
DA:134,3
DA:135,3
DA:136,3
DA:137,3
DA:138,1
DA:139,1
DA:140,1
DA:141,1
DA:142,1
DA:143,1
DA:144,1
DA:145,1
DA:146,3
DA:147,3
DA:148,3
DA:149,3
DA:150,3
DA:151,1
DA:152,1
DA:153,45
DA:154,45
DA:155,45
DA:156,45
DA:157,1
DA:158,1
DA:159,10
DA:160,10
DA:161,39
DA:162,39
DA:163,10
DA:164,10
DA:165,10
DA:166,1
DA:167,1
DA:168,41
DA:169,41
DA:170,41
DA:171,2
DA:172,41
DA:173,2
DA:174,39
DA:175,33
DA:176,37
DA:177,1
DA:178,4
DA:179,1
DA:180,3
DA:181,1
DA:182,1
DA:183,1
DA:184,1
DA:185,1
DA:186,1
DA:187,1
DA:188,1
DA:189,1
DA:190,40
DA:191,40
DA:192,41
DA:193,1
DA:194,1
DA:195,34
DA:196,34
DA:197,34
DA:198,34
DA:199,34
DA:200,34
DA:201,1
DA:202,1
DA:203,1
DA:204,1
DA:205,1
DA:206,1
DA:207,1
DA:208,1
DA:209,2
DA:210,2
DA:211,2
DA:212,1
DA:213,1
DA:214,1
DA:215,1
DA:216,1
DA:217,1
DA:218,2
DA:219,2
DA:220,2
DA:221,2
DA:222,2
DA:223,1
DA:224,1
DA:225,2
DA:226,2
DA:227,1
DA:228,1
DA:229,2
DA:230,2
DA:231,2
DA:232,2
DA:233,2
DA:234,2
DA:235,2
DA:236,2
DA:237,2
DA:238,2
DA:239,2
DA:240,2
DA:241,2
DA:242,2
DA:243,2
DA:244,2
DA:245,2
DA:246,2
DA:247,2
DA:248,2
DA:249,2
DA:250,2
DA:251,2
DA:252,2
DA:253,2
DA:254,2
DA:255,2
DA:256,2
DA:257,2
DA:258,2
DA:259,2
DA:260,2
DA:261,2
DA:262,1
DA:263,1
DA:264,1
DA:265,1
DA:266,1
DA:267,1
DA:268,2
DA:269,2
DA:270,2
DA:271,2
DA:272,2
DA:273,1
DA:274,1
DA:275,2
DA:276,1
DA:277,1
DA:278,1
DA:279,1
DA:280,1
DA:281,1
DA:282,90
DA:283,34
DA:284,34
DA:285,56
DA:286,90
DA:287,6
DA:288,1
DA:289,1
DA:290,5
DA:291,5
DA:292,50
DA:293,90
DA:294,1
DA:295,1
DA:296,49
DA:297,90
DA:298,1
DA:299,1
DA:300,48
DA:301,90
DA:302,1
DA:303,1
DA:304,47
DA:305,90
DA:306,1
DA:307,1
DA:308,46
DA:309,90
DA:310,26
DA:311,26
DA:312,26
DA:313,26
DA:314,26
DA:315,26
DA:316,20
DA:317,90
DA:318,11
DA:319,11
DA:320,9
DA:321,90
DA:322,1
DA:323,1
DA:324,8
DA:325,90
DA:326,2
DA:327,2
DA:328,2
DA:329,2
DA:330,2
DA:331,2
DA:332,2
DA:333,6
DA:334,90
DA:335,1
DA:336,1
DA:337,5
DA:338,90
DA:339,2
DA:340,2
DA:341,2
DA:342,2
DA:343,3
DA:344,3
DA:345,1
DA:346,1
DA:347,3
DA:348,2
DA:349,2
DA:350,2
DA:351,3
DA:352,90
DA:353,2
DA:354,2
DA:355,1
DA:356,1
DA:357,1
DA:358,1
DA:359,1
DA:360,1
DA:361,1
DA:362,90
DA:363,1
DA:364,1
DA:365,1
DA:366,1
DA:367,1
DA:368,1
DA:369,1
DA:370,7
DA:371,7
DA:372,7
DA:373,1
DA:374,1
DA:375,1
DA:376,1
DA:377,1
DA:378,1
DA:379,1
DA:380,1
DA:381,1
LF:381
LH:381
BRDA:1,0,0,1
BRDA:18,1,0,3
BRDA:22,2,0,1
BRDA:23,3,0,1
BRDA:31,4,0,1
BRDA:46,5,0,5
BRDA:59,6,0,1
BRDA:70,7,0,5
BRDA:81,8,0,5
BRDA:83,9,0,13
BRDA:97,10,0,7
BRDA:102,11,0,3
BRDA:123,12,0,10
BRDA:131,13,0,3
BRDA:145,14,0,3
BRDA:152,15,0,45
BRDA:158,16,0,10
BRDA:160,17,0,39
BRDA:167,18,0,41
BRDA:170,19,0,2
BRDA:172,20,0,39
BRDA:172,21,0,2
BRDA:174,22,0,37
BRDA:174,23,0,33
BRDA:176,24,0,4
BRDA:176,25,0,1
BRDA:178,26,0,3
BRDA:178,27,0,1
BRDA:180,28,0,2
BRDA:180,29,0,1
BRDA:190,30,0,40
BRDA:194,31,0,34
BRDA:202,32,0,1
BRDA:208,33,0,2
BRDA:217,34,0,2
BRDA:222,35,0,1
BRDA:228,36,0,2
BRDA:263,37,0,1
BRDA:267,38,0,2
BRDA:272,39,0,1
BRDA:281,40,0,90
BRDA:282,41,0,34
BRDA:285,42,0,56
BRDA:286,43,0,6
BRDA:287,44,0,1
BRDA:290,45,0,5
BRDA:292,46,0,50
BRDA:293,47,0,1
BRDA:296,48,0,49
BRDA:297,49,0,1
BRDA:300,50,0,48
BRDA:301,51,0,1
BRDA:304,52,0,47
BRDA:305,53,0,1
BRDA:308,54,0,46
BRDA:309,55,0,26
BRDA:316,56,0,20
BRDA:317,57,0,11
BRDA:320,58,0,9
BRDA:321,59,0,1
BRDA:324,60,0,8
BRDA:325,61,0,2
BRDA:333,62,0,6
BRDA:334,63,0,1
BRDA:337,64,0,5
BRDA:338,65,0,2
BRDA:342,66,0,3
BRDA:344,67,0,1
BRDA:351,68,0,3
BRDA:352,69,0,2
BRDA:355,70,0,1
BRDA:370,71,0,7
BRF:72
BRH:72
end_of_record
TN:
SF:lib/jazz/error.js
FN:15,SyntaxError
FN:28,toString
FNF:2
FNH:2
FNDA:8,SyntaxError
FNDA:1,toString
DA:1,1
DA:2,1
DA:3,1
DA:4,1
DA:5,1
DA:6,1
DA:7,1
DA:8,1
DA:9,1
DA:10,1
DA:11,1
DA:12,1
DA:13,1
DA:14,1
DA:15,1
DA:16,8
DA:17,8
DA:18,8
DA:19,8
DA:20,8
DA:21,8
DA:22,1
DA:23,1
DA:24,1
DA:25,1
DA:26,1
DA:27,1
DA:28,1
DA:29,1
DA:30,1
DA:31,1
DA:32,1
DA:33,1
DA:34,1
DA:35,1
DA:36,1
DA:37,1
LF:37
LH:37
BRDA:1,0,0,1
BRDA:15,1,0,8
BRDA:19,2,0,1
BRDA:20,3,0,1
BRDA:28,4,0,1
BRF:5
BRH:5
end_of_record
TN:
SF:lib/jazz/parser.js
FN:14,inArray
FN:27,Parser
FN:35,peek
FN:43,next
FN:52,current
FN:61,parse
FN:68,_pushLocals
FN:72,_popLocals
FN:76,_declareLocal
FN:82,_declareGlobal
FN:88,_isLocal
FN:92,_syntaxError
FN:96,_check
FN:104,_expect
FN:109,_parseExpr
FN:121,_parseComparisonExpr
FN:138,_parseSimpleExpr
FN:190,_parseGetAttrList
FN:211,_parseHash
FN:227,_parseIdent
FN:233,_parseSuite
FN:266,_parseIfStmt
FN:288,_parseEcho
FN:294,_parseEchoExpr
FN:306,_parseArgumentList
FN:324,_parseForEach
FN:344,createParser
FNF:27
FNH:27
FNDA:65,inArray
FNDA:12,Parser
FNDA:2,peek
FNDA:155,next
FNDA:869,current
FNDA:9,parse
FNDA:4,_pushLocals
FNDA:4,_popLocals
FNDA:5,_declareLocal
FNDA:28,_declareGlobal
FNDA:32,_isLocal
FNDA:2,_syntaxError
FNDA:122,_check
FNDA:36,_expect
FNDA:45,_parseExpr
FNDA:48,_parseComparisonExpr
FNDA:55,_parseSimpleExpr
FNDA:43,_parseGetAttrList
FNDA:1,_parseHash
FNDA:36,_parseIdent
FNDA:20,_parseSuite
FNDA:6,_parseIfStmt
FNDA:26,_parseEcho
FNDA:17,_parseEchoExpr
FNDA:7,_parseArgumentList
FNDA:3,_parseForEach
FNDA:12,createParser
DA:1,1
DA:2,1
DA:3,1
DA:4,1
DA:5,1
DA:6,1
DA:7,1
DA:8,1
DA:9,1
DA:10,1
DA:11,1
DA:12,1
DA:13,1
DA:14,65
DA:15,65
DA:16,65
DA:17,1
DA:18,1
DA:19,1
DA:20,1
DA:21,1
DA:22,1
DA:23,1
DA:24,1
DA:25,1
DA:26,1
DA:27,1
DA:28,12
DA:29,12
DA:30,12
DA:31,12
DA:32,12
DA:33,12
DA:34,1
DA:35,1
DA:36,2
DA:37,1
DA:38,1
DA:39,1
DA:40,1
DA:41,2
DA:42,1
DA:43,1
DA:44,155
DA:45,155
DA:46,155
DA:47,155
DA:48,155
DA:49,155
DA:50,155
DA:51,1
DA:52,1
DA:53,869
DA:54,869
DA:55,1
DA:56,1
DA:57,1
DA:58,1
DA:59,1
DA:60,1
DA:61,1
DA:62,9
DA:63,9
DA:64,9
DA:65,9
DA:66,9
DA:67,1
DA:68,1
DA:69,4
DA:70,4
DA:71,1
DA:72,1
DA:73,4
DA:74,4
DA:75,1
DA:76,1
DA:77,5
DA:78,4
DA:79,4
DA:80,5
DA:81,1
DA:82,1
DA:83,28
DA:84,24
DA:85,24
DA:86,28
DA:87,1
DA:88,1
DA:89,32
DA:90,32
DA:91,1
DA:92,1
DA:93,2
DA:94,2
DA:95,1
DA:96,1
DA:97,122
DA:98,122
DA:99,1
DA:100,1
DA:101,121
DA:102,122
DA:103,1
DA:104,1
DA:105,36
DA:106,36
DA:107,36
DA:108,1
DA:109,1
DA:110,45
DA:111,45
DA:112,4
DA:113,4
DA:114,45
DA:115,1
DA:116,1
DA:117,1
DA:118,44
DA:119,45
DA:120,1
DA:121,1
DA:122,48
DA:123,48
DA:124,48
DA:125,1
DA:126,1
DA:127,48
DA:128,1
DA:129,1
DA:130,46
DA:131,1
DA:132,1
DA:133,1
DA:134,47
DA:135,47
DA:136,48
DA:137,1
DA:138,1
DA:139,55
DA:140,55
DA:141,55
DA:142,1
DA:143,1
DA:144,55
DA:145,1
DA:146,1
DA:147,1
DA:148,54
DA:149,1
DA:150,1
DA:151,1
DA:152,53
DA:153,2
DA:154,2
DA:155,2
DA:156,2
DA:157,2
DA:158,2
DA:159,52
DA:160,30
DA:161,30
DA:162,26
DA:163,26
DA:164,30
DA:165,50
DA:166,4
DA:167,4
DA:168,4
DA:169,20
DA:170,10
DA:171,10
DA:172,10
DA:173,16
DA:174,3
DA:175,3
DA:176,3
DA:177,3
DA:178,2
DA:179,2
DA:180,3
DA:181,1
DA:182,1
DA:183,1
DA:184,1
DA:185,1
DA:186,54
DA:187,54
DA:188,55
DA:189,1
DA:190,1
DA:191,43
DA:192,43
DA:193,43
DA:194,6
DA:195,6
DA:196,3
DA:197,3
DA:198,3
DA:199,6
DA:200,2
DA:201,2
DA:202,2
DA:203,2
DA:204,6
DA:205,6
DA:206,6
DA:207,43
DA:208,43
DA:209,43
DA:210,1
DA:211,1
DA:212,1
DA:213,1
DA:214,1
DA:215,2
DA:216,2
DA:217,2
DA:218,2
DA:219,2
DA:220,1
DA:221,1
DA:222,2
DA:223,1
DA:224,1
DA:225,1
DA:226,1
DA:227,1
DA:228,36
DA:229,36
DA:230,36
DA:231,36
DA:232,1
DA:233,1
DA:234,20
DA:235,20
DA:236,20
DA:237,20
DA:238,70
DA:239,70
DA:240,70
DA:241,6
DA:242,6
DA:243,70
DA:244,26
DA:245,26
DA:246,70
DA:247,70
DA:248,70
DA:249,70
DA:250,70
DA:251,70
DA:252,70
DA:253,17
DA:254,17
DA:255,70
DA:256,3
DA:257,3
DA:258,70
DA:259,18
DA:260,70
DA:261,70
DA:262,18
DA:263,18
DA:264,20
DA:265,1
DA:266,1
DA:267,6
DA:268,6
DA:269,6
DA:270,6
DA:271,6
DA:272,6
DA:273,6
DA:274,1
DA:275,1
DA:276,1
DA:277,1
DA:278,5
DA:279,6
DA:280,2
DA:281,2
DA:282,2
DA:283,5
DA:284,5
DA:285,5
DA:286,6
DA:287,1
DA:288,1
DA:289,26
DA:290,26
DA:291,26
DA:292,26
DA:293,1
DA:294,1
DA:295,17
DA:296,17
DA:297,5
DA:298,5
DA:299,5
DA:300,5
DA:301,5
DA:302,12
DA:303,12
DA:304,17
DA:305,1
DA:306,1
DA:307,7
DA:308,2
DA:309,2
DA:310,5
DA:311,5
DA:312,7
DA:313,8
DA:314,8
DA:315,8
DA:316,5
DA:317,5
DA:318,3
DA:319,3
DA:320,5
DA:321,5
DA:322,7
DA:323,1
DA:324,1
DA:325,3
DA:326,3
DA:327,3
DA:328,3
DA:329,3
DA:330,3
DA:331,3
DA:332,3
DA:333,3
DA:334,3
DA:335,3
DA:336,1
DA:337,1
DA:338,1
DA:339,1
DA:340,1
DA:341,1
DA:342,1
DA:343,1
DA:344,12
DA:345,12
DA:346,12
DA:347,1
DA:348,1
DA:349,1
DA:350,1
DA:351,1
DA:352,1
DA:353,1
LF:353
LH:353
BRDA:1,0,0,1
BRDA:14,1,0,65
BRDA:27,2,0,12
BRDA:35,3,0,2
BRDA:36,4,0,1
BRDA:43,5,0,155
BRDA:52,6,0,869
BRDA:61,7,0,9
BRDA:68,8,0,4
BRDA:72,9,0,4
BRDA:76,10,0,5
BRDA:77,11,0,4
BRDA:82,12,0,28
BRDA:83,13,0,24
BRDA:88,14,0,32
BRDA:92,15,0,2
BRDA:96,16,0,122
BRDA:98,17,0,1
BRDA:101,18,0,121
BRDA:104,19,0,36
BRDA:109,20,0,45
BRDA:111,21,0,4
BRDA:114,22,0,40
BRDA:114,23,0,1
BRDA:118,24,0,44
BRDA:121,25,0,48
BRDA:124,26,0,1
BRDA:127,27,0,46
BRDA:127,28,0,1
BRDA:130,29,0,45
BRDA:130,30,0,1
BRDA:134,31,0,47
BRDA:138,32,0,55
BRDA:141,33,0,1
BRDA:144,34,0,54
BRDA:144,35,0,1
BRDA:148,36,0,53
BRDA:148,37,0,1
BRDA:152,38,0,52
BRDA:152,39,0,2
BRDA:159,40,0,50
BRDA:159,41,0,30
BRDA:161,42,0,26
BRDA:165,43,0,20
BRDA:165,44,0,4
BRDA:169,45,0,16
BRDA:169,46,0,10
BRDA:173,47,0,6
BRDA:173,48,0,3
BRDA:177,49,0,2
BRDA:180,50,0,1
BRDA:190,51,0,43
BRDA:193,52,0,45
BRDA:193,53,0,6
BRDA:195,54,0,3
BRDA:199,55,0,2
BRDA:204,56,0,1
BRDA:211,57,0,1
BRDA:214,58,0,2
BRDA:219,59,0,1
BRDA:227,60,0,36
BRDA:233,61,0,20
BRDA:237,62,0,70
BRDA:240,63,0,6
BRDA:243,64,0,26
BRDA:246,65,0,15
BRDA:247,66,0,15
BRDA:248,67,0,15
BRDA:249,68,0,15
BRDA:250,69,0,15
BRDA:251,70,0,15
BRDA:252,71,0,17
BRDA:255,72,0,3
BRDA:258,73,0,18
BRDA:262,74,0,18
BRDA:266,75,0,6
BRDA:273,76,0,1
BRDA:278,77,0,5
BRDA:279,78,0,2
BRDA:283,79,0,5
BRDA:288,80,0,26
BRDA:294,81,0,17
BRDA:296,82,0,5
BRDA:302,83,0,12
BRDA:306,84,0,7
BRDA:307,85,0,2
BRDA:310,86,0,5
BRDA:312,87,0,8
BRDA:315,88,0,5
BRDA:318,89,0,3
BRDA:320,90,0,5
BRDA:324,91,0,3
BRDA:344,92,0,12
BRF:93
BRH:93
end_of_record
TN:
SF:lib/jazz/scanner.js
FN:15,isIdentChar
FN:36,keyword
FN:60,ident
FN:83,num
FN:127,str
FN:183,Scanner
FN:198,next
FN:206,_syntaxError
FN:210,_unexpectedToken
FN:215,_echoState
FN:222,step
FN:267,_makeToken
FN:287,_codeState
FN:292,step
FN:457,createScanner
FNF:15
FNH:15
FNDA:283,isIdentChar
FNDA:1247,keyword
FNDA:47,ident
FNDA:16,num
FNDA:10,str
FNDA:28,Scanner
FNDA:280,next
FNDA:4,_syntaxError
FNDA:4,_unexpectedToken
FNDA:53,_echoState
FNDA:63,step
FNDA:228,_makeToken
FNDA:227,_codeState
FNDA:299,step
FNDA:28,createScanner
DA:1,1
DA:2,1
DA:3,1
DA:4,1
DA:5,1
DA:6,1
DA:7,1
DA:8,1
DA:9,1
DA:10,1
DA:11,1
DA:12,1
DA:13,1
DA:14,1
DA:15,283
DA:16,283
DA:17,1
DA:18,1
DA:19,282
DA:20,282
DA:21,283
DA:22,283
DA:23,283
DA:24,105
DA:25,283
DA:26,283
DA:27,1
DA:28,1
DA:29,1
DA:30,1
DA:31,1
DA:32,1
DA:33,1
DA:34,1
DA:35,1
DA:36,1247
DA:37,1247
DA:38,1247
DA:39,1247
DA:40,64
DA:41,64
DA:42,1183
DA:43,1247
DA:44,1437
DA:45,1128
DA:46,1128
DA:47,309
DA:48,309
DA:49,55
DA:50,55
DA:51,1247
DA:52,1
DA:53,1
DA:54,1
DA:55,1
DA:56,1
DA:57,1
DA:58,1
DA:59,1
DA:60,47
DA:61,47
DA:62,47
DA:63,47
DA:64,47
DA:65,228
DA:66,181
DA:67,181
DA:68,228
DA:69,47
DA:70,47
DA:71,228
DA:72,47
DA:73,47
DA:74,47
DA:75,1
DA:76,1
DA:77,1
DA:78,1
DA:79,1
DA:80,1
DA:81,1
DA:82,1
DA:83,16
DA:84,16
DA:85,16
DA:86,16
DA:87,16
DA:88,16
DA:89,16
DA:90,16
DA:91,3
DA:92,16
DA:93,2
DA:94,2
DA:95,2
DA:96,16
DA:97,16
DA:98,38
DA:99,18
DA:100,38
DA:101,1
DA:102,1
DA:103,20
DA:104,5
DA:105,5
DA:106,3
DA:107,5
DA:108,3
DA:109,5
DA:110,2
DA:111,2
DA:112,19
DA:113,14
DA:114,14
DA:115,38
DA:116,16
DA:117,16
DA:118,16
DA:119,1
DA:120,1
DA:121,1
DA:122,1
DA:123,1
DA:124,1
DA:125,1
DA:126,1
DA:127,10
DA:128,10
DA:129,10
DA:130,10
DA:131,10
DA:132,10
DA:133,10
DA:134,36
DA:135,9
DA:136,9
DA:137,27
DA:138,36
DA:139,5
DA:140,5
DA:141,5
DA:142,5
DA:143,22
DA:144,36
DA:145,5
DA:146,5
DA:147,1
DA:148,1
DA:149,5
DA:150,1
DA:151,1
DA:152,5
DA:153,1
DA:154,1
DA:155,5
DA:156,1
DA:157,1
DA:158,5
DA:159,1
DA:160,5
DA:161,5
DA:162,5
DA:163,5
DA:164,5
DA:165,17
DA:166,17
DA:167,17
DA:168,17
DA:169,1
DA:170,1
DA:171,10
DA:172,1
DA:173,1
DA:174,1
DA:175,1
DA:176,1
DA:177,1
DA:178,1
DA:179,1
DA:180,1
DA:181,1
DA:182,1
DA:183,1
DA:184,28
DA:185,28
DA:186,28
DA:187,28
DA:188,28
DA:189,28
DA:190,28
DA:191,28
DA:192,1
DA:193,1
DA:194,1
DA:195,1
DA:196,1
DA:197,1
DA:198,1
DA:199,280
DA:200,53
DA:201,53
DA:202,227
DA:203,227
DA:204,280
DA:205,1
DA:206,1
DA:207,4
DA:208,4
DA:209,1
DA:210,1
DA:211,4
DA:212,4
DA:213,4
DA:214,1
DA:215,1
DA:216,53
DA:217,53
DA:218,53
DA:219,53
DA:220,53
DA:221,53
DA:222,53
DA:223,63
DA:224,63
DA:225,53
DA:226,53
DA:227,53
DA:228,110
DA:229,49
DA:230,1
DA:231,1
DA:232,49
DA:233,48
DA:234,48
DA:235,48
DA:236,110
DA:237,2
DA:238,1
DA:239,1
DA:240,1
DA:241,1
DA:242,1
DA:243,61
DA:244,1
DA:245,1
DA:246,1
DA:247,59
DA:248,58
DA:249,58
DA:250,61
DA:251,61
DA:252,61
DA:253,52
DA:254,52
DA:255,52
DA:256,53
DA:257,28
DA:258,28
DA:259,24
DA:260,53
DA:261,2
DA:262,2
DA:263,22
DA:264,22
DA:265,53
DA:266,1
DA:267,1
DA:268,228
DA:269,228
DA:270,228
DA:271,228
DA:272,228
DA:273,228
DA:274,228
DA:275,108
DA:276,228
DA:277,1
DA:278,1
DA:279,1
DA:280,1
DA:281,1
DA:282,1
DA:283,228
DA:284,228
DA:285,228
DA:286,1
DA:287,1
DA:288,227
DA:289,227
DA:290,227
DA:291,227
DA:292,227
DA:293,299
DA:294,299
DA:295,227
DA:296,227
DA:297,227
DA:298,305
DA:299,77
DA:300,305
DA:301,3
DA:302,3
DA:303,3
DA:304,3
DA:305,228
DA:306,41
DA:307,41
DA:308,41
DA:309,225
DA:310,3
DA:311,3
DA:312,3
DA:313,3
DA:314,184
DA:315,3
DA:316,3
DA:317,3
DA:318,181
DA:319,10
DA:320,10
DA:321,10
DA:322,178
DA:323,10
DA:324,10
DA:325,10
DA:326,168
DA:327,3
DA:328,3
DA:329,3
DA:330,158
DA:331,3
DA:332,3
DA:333,3
DA:334,155
DA:335,9
DA:336,9
DA:337,9
DA:338,152
DA:339,5
DA:340,5
DA:341,5
DA:342,143
DA:343,5
DA:344,5
DA:345,5
DA:346,138
DA:347,10
DA:348,10
DA:349,10
DA:350,10
DA:351,133
DA:352,16
DA:353,16
DA:354,16
DA:355,16
DA:356,123
DA:357,3
DA:358,3
DA:359,3
DA:360,107
DA:361,9
DA:362,9
DA:363,9
DA:364,104
DA:365,2
DA:366,2
DA:367,2
DA:368,95
DA:369,1
DA:370,93
DA:371,3
DA:372,3
DA:373,3
DA:374,92
DA:375,5
DA:376,5
DA:377,5
DA:378,89
DA:379,2
DA:380,2
DA:381,2
DA:382,84
DA:383,2
DA:384,2
DA:385,2
DA:386,82
DA:387,2
DA:388,2
DA:389,2
DA:390,80
DA:391,2
DA:392,2
DA:393,2
DA:394,78
DA:395,2
DA:396,2
DA:397,2
DA:398,76
DA:399,4
DA:400,4
DA:401,4
DA:402,74
DA:403,4
DA:404,4
DA:405,4
DA:406,70
DA:407,8
DA:408,8
DA:409,8
DA:410,66
DA:411,3
DA:412,3
DA:413,3
DA:414,58
DA:415,4
DA:416,4
DA:417,4
DA:418,55
DA:419,2
DA:420,2
DA:421,2
DA:422,51
DA:423,49
DA:424,49
DA:425,4
DA:426,49
DA:427,47
DA:428,47
DA:429,47
DA:430,47
DA:431,49
DA:432,2
DA:433,2
DA:434,305
DA:435,224
DA:436,224
DA:437,224
DA:438,227
DA:439,181
DA:440,181
DA:441,43
DA:442,227
DA:443,15
DA:444,15
DA:445,28
DA:446,28
DA:447,227
DA:448,1
DA:449,1
DA:450,1
DA:451,1
DA:452,1
DA:453,1
DA:454,1
DA:455,1
DA:456,1
DA:457,28
DA:458,28
DA:459,28
DA:460,1
DA:461,1
DA:462,1
DA:463,1
DA:464,1
DA:465,1
DA:466,1
LF:466
LH:466
BRDA:1,0,0,1
BRDA:15,1,0,283
BRDA:16,2,0,1
BRDA:19,3,0,282
BRDA:21,4,0,204
BRDA:21,5,0,107
BRDA:22,6,0,38
BRDA:22,7,0,105
BRDA:23,8,0,36
BRDA:23,9,0,105
BRDA:36,10,0,1247
BRDA:39,11,0,64
BRDA:42,12,0,1183
BRDA:43,13,0,1491
BRDA:43,14,0,1437
BRDA:44,15,0,1128
BRDA:47,16,0,309
BRDA:49,17,0,55
BRDA:60,18,0,47
BRDA:64,19,0,228
BRDA:65,20,0,181
BRDA:68,21,0,47
BRDA:83,22,0,16
BRDA:90,23,0,3
BRDA:92,24,0,2
BRDA:97,25,0,38
BRDA:98,26,0,25
BRDA:98,27,0,18
BRDA:100,28,0,20
BRDA:100,29,0,15
BRDA:100,30,0,14
BRDA:100,31,0,1
BRDA:103,32,0,19
BRDA:103,33,0,5
BRDA:105,34,0,3
BRDA:105,35,0,3
BRDA:106,36,0,2
BRDA:107,37,0,3
BRDA:109,38,0,2
BRDA:112,39,0,14
BRDA:127,40,0,10
BRDA:133,41,0,36
BRDA:134,42,0,9
BRDA:137,43,0,27
BRDA:138,44,0,22
BRDA:138,45,0,5
BRDA:143,46,0,22
BRDA:144,47,0,5
BRDA:146,48,0,1
BRDA:149,49,0,1
BRDA:152,50,0,1
BRDA:155,51,0,1
BRDA:158,52,0,1
BRDA:165,53,0,17
BRDA:169,54,0,1
BRDA:183,55,0,28
BRDA:186,56,0,1
BRDA:198,57,0,280
BRDA:199,58,0,53
BRDA:202,59,0,227
BRDA:206,60,0,4
BRDA:210,61,0,4
BRDA:211,62,0,1
BRDA:211,63,0,3
BRDA:215,64,0,53
BRDA:227,65,0,110
BRDA:228,66,0,49
BRDA:229,67,0,1
BRDA:232,68,0,48
BRDA:236,69,0,61
BRDA:236,70,0,2
BRDA:237,71,0,1
BRDA:237,72,0,1
BRDA:243,73,0,59
BRDA:243,74,0,1
BRDA:247,75,0,58
BRDA:253,76,0,52
BRDA:256,77,0,28
BRDA:259,78,0,24
BRDA:260,79,0,2
BRDA:263,80,0,22
BRDA:222,81,0,63
BRDA:267,82,0,228
BRDA:269,83,0,30
BRDA:269,84,0,30
BRDA:269,85,0,198
BRDA:271,86,0,30
BRDA:271,87,0,30
BRDA:271,88,0,198
BRDA:274,89,0,108
BRDA:276,90,0,120
BRDA:276,91,0,1
BRDA:276,92,0,1
BRDA:277,93,0,1
BRDA:287,94,0,227
BRDA:297,95,0,305
BRDA:298,96,0,228
BRDA:298,97,0,77
BRDA:300,98,0,228
BRDA:300,99,0,3
BRDA:305,100,0,225
BRDA:305,101,0,44
BRDA:305,102,0,41
BRDA:309,103,0,184
BRDA:309,104,0,3
BRDA:314,105,0,181
BRDA:314,106,0,3
BRDA:318,107,0,178
BRDA:318,108,0,10
BRDA:322,109,0,168
BRDA:322,110,0,10
BRDA:326,111,0,158
BRDA:326,112,0,3
BRDA:330,113,0,155
BRDA:330,114,0,3
BRDA:334,115,0,152
BRDA:334,116,0,9
BRDA:338,117,0,143
BRDA:338,118,0,5
BRDA:342,119,0,138
BRDA:342,120,0,5
BRDA:346,121,0,133
BRDA:346,122,0,132
BRDA:346,123,0,10
BRDA:351,124,0,123
BRDA:351,125,0,16
BRDA:356,126,0,107
BRDA:356,127,0,3
BRDA:360,128,0,104
BRDA:360,129,0,9
BRDA:364,130,0,95
BRDA:364,131,0,2
BRDA:368,132,0,93
BRDA:368,133,0,1
BRDA:370,134,0,92
BRDA:370,135,0,3
BRDA:374,136,0,89
BRDA:374,137,0,5
BRDA:378,138,0,84
BRDA:378,139,0,2
BRDA:382,140,0,82
BRDA:382,141,0,2
BRDA:386,142,0,80
BRDA:386,143,0,2
BRDA:390,144,0,78
BRDA:390,145,0,2
BRDA:394,146,0,76
BRDA:394,147,0,2
BRDA:398,148,0,74
BRDA:398,149,0,4
BRDA:402,150,0,70
BRDA:402,151,0,4
BRDA:406,152,0,66
BRDA:406,153,0,8
BRDA:410,154,0,58
BRDA:410,155,0,3
BRDA:414,156,0,55
BRDA:414,157,0,4
BRDA:418,158,0,51
BRDA:418,159,0,2
BRDA:422,160,0,49
BRDA:423,161,0,45
BRDA:423,162,0,4
BRDA:424,163,0,3
BRDA:424,164,0,4
BRDA:426,165,0,47
BRDA:431,166,0,2
BRDA:435,167,0,224
BRDA:438,168,0,181
BRDA:441,169,0,43
BRDA:442,170,0,15
BRDA:445,171,0,28
BRDA:292,172,0,299
BRDA:457,173,0,28
BRF:174
BRH:174
end_of_record
TN:
SF:lib/jazz/tokens.js
FNF:0
FNH:0
DA:1,1
DA:2,1
DA:3,1
DA:4,1
DA:5,1
DA:6,1
DA:7,1
DA:8,1
DA:9,1
DA:10,1
DA:11,1
DA:12,1
DA:13,1
DA:14,1
DA:15,1
DA:16,1
DA:17,1
DA:18,1
DA:19,1
DA:20,1
DA:21,1
DA:22,1
DA:23,1
DA:24,1
DA:25,1
DA:26,1
DA:27,1
DA:28,1
DA:29,1
DA:30,1
DA:31,1
DA:32,1
DA:33,1
DA:34,1
DA:35,1
DA:36,1
DA:37,1
DA:38,1
DA:39,1
DA:40,1
DA:41,1
DA:42,1
DA:43,1
DA:44,1
DA:45,1
DA:46,1
DA:47,1
DA:48,1
DA:49,1
DA:50,1
DA:51,1
DA:52,1
DA:53,1
DA:54,1
DA:55,1
DA:56,1
DA:57,1
DA:58,1
DA:59,1
DA:60,1
DA:61,1
DA:62,1
DA:63,1
DA:64,1
DA:65,1
DA:66,1
DA:67,1
DA:68,1
DA:69,1
DA:70,1
DA:71,1
DA:72,1
DA:73,1
DA:74,1
DA:75,1
DA:76,1
DA:77,1
DA:78,1
DA:79,1
DA:80,1
DA:81,1
DA:82,1
DA:83,1
DA:84,1
DA:85,1
DA:86,1
DA:87,1
LF:87
LH:87
BRDA:1,0,0,1
BRF:1
BRH:1
end_of_record
