TN:
SF:lib/jazz.js
FN:8,compile
FNF:1
FNH:1
FNDA:2,compile
DA:1,3
DA:2,3
DA:3,3
DA:4,3
DA:5,3
DA:6,3
DA:7,3
DA:8,2
DA:9,2
DA:10,2
DA:11,2
DA:12,2
DA:13,2
DA:14,2
DA:15,2
DA:16,2
DA:17,2
DA:18,2
DA:19,2
DA:20,3
DA:21,3
DA:22,3
DA:23,3
DA:24,3
DA:25,3
DA:26,3
DA:27,3
DA:28,3
DA:29,3
DA:30,3
DA:31,3
LF:31
LH:31
BRDA:1,0,0,3
BRDA:8,1,0,2
BRDA:9,2,0,1
BRDA:12,3,0,1
BRDA:15,4,0,1
BRF:5
BRH:5
end_of_record
TN:
SF:lib/jazz/ast.js
FN:3,arrayToString
FN:12,AST
FN:17,toString
FN:23,Suite
FN:28,toString
FN:34,Ident
FN:39,toString
FN:45,IfStmt
FN:52,toString
FN:58,ForEach
FN:65,toString
FN:71,Echo
FN:76,toString
FN:82,GetAttr
FN:88,toString
FN:95,Call
FN:100,toString
FN:106,Str
FN:110,toString
FN:116,Num
FN:120,toString
FN:126,Bool
FN:130,toString
FN:136,And
FN:141,toString
FN:147,Or
FN:152,toString
FN:158,Not
FN:162,toString
FN:168,BinOp
FN:174,toString
FN:180,Empty
FN:184,toString
FN:190,Hash
FN:194,toString
FN:202,SyncCall
FN:207,toString
FN:213,GetArr
FN:219,toString
FNF:39
FNH:39
FNDA:5,arrayToString
FNDA:9,AST
FNDA:1,toString
FNDA:24,Suite
FNDA:5,toString
FNDA:70,Ident
FNDA:18,toString
FNDA:8,IfStmt
FNDA:2,toString
FNDA:4,ForEach
FNDA:1,toString
FNDA:40,Echo
FNDA:2,toString
FNDA:9,GetAttr
FNDA:2,toString
FNDA:6,Call
FNDA:2,toString
FNDA:38,Str
FNDA:4,toString
FNDA:24,Num
FNDA:8,toString
FNDA:7,Bool
FNDA:3,toString
FNDA:6,And
FNDA:1,toString
FNDA:3,Or
FNDA:1,toString
FNDA:3,Not
FNDA:1,toString
FNDA:5,BinOp
FNDA:1,toString
FNDA:4,Empty
FNDA:1,toString
FNDA:3,Hash
FNDA:1,toString
FNDA:4,SyncCall
FNDA:2,toString
FNDA:3,GetArr
FNDA:1,toString
DA:1,1
DA:2,1
DA:3,5
DA:4,5
DA:5,5
DA:6,8
DA:7,5
DA:8,5
DA:9,5
DA:10,1
DA:11,1
DA:12,1
DA:13,9
DA:14,9
DA:15,9
DA:16,1
DA:17,1
DA:18,1
DA:19,1
DA:20,1
DA:21,1
DA:22,1
DA:23,1
DA:24,24
DA:25,24
DA:26,24
DA:27,1
DA:28,1
DA:29,5
DA:30,5
DA:31,1
DA:32,1
DA:33,1
DA:34,1
DA:35,70
DA:36,70
DA:37,70
DA:38,1
DA:39,1
DA:40,18
DA:41,18
DA:42,1
DA:43,1
DA:44,1
DA:45,1
DA:46,8
DA:47,8
DA:48,8
DA:49,8
DA:50,8
DA:51,1
DA:52,1
DA:53,2
DA:54,2
DA:55,1
DA:56,1
DA:57,1
DA:58,1
DA:59,4
DA:60,4
DA:61,4
DA:62,4
DA:63,4
DA:64,1
DA:65,1
DA:66,1
DA:67,1
DA:68,1
DA:69,1
DA:70,1
DA:71,1
DA:72,40
DA:73,40
DA:74,40
DA:75,1
DA:76,1
DA:77,2
DA:78,2
DA:79,1
DA:80,1
DA:81,1
DA:82,1
DA:83,9
DA:84,9
DA:85,9
DA:86,9
DA:87,1
DA:88,1
DA:89,2
DA:90,2
DA:91,2
DA:92,1
DA:93,1
DA:94,1
DA:95,1
DA:96,6
DA:97,6
DA:98,6
DA:99,1
DA:100,1
DA:101,2
DA:102,2
DA:103,1
DA:104,1
DA:105,1
DA:106,1
DA:107,38
DA:108,38
DA:109,1
DA:110,1
DA:111,4
DA:112,4
DA:113,1
DA:114,1
DA:115,1
DA:116,1
DA:117,24
DA:118,24
DA:119,1
DA:120,1
DA:121,8
DA:122,8
DA:123,1
DA:124,1
DA:125,1
DA:126,1
DA:127,7
DA:128,7
DA:129,1
DA:130,1
DA:131,3
DA:132,3
DA:133,1
DA:134,1
DA:135,1
DA:136,1
DA:137,6
DA:138,6
DA:139,6
DA:140,1
DA:141,1
DA:142,1
DA:143,1
DA:144,1
DA:145,1
DA:146,1
DA:147,1
DA:148,3
DA:149,3
DA:150,3
DA:151,1
DA:152,1
DA:153,1
DA:154,1
DA:155,1
DA:156,1
DA:157,1
DA:158,1
DA:159,3
DA:160,3
DA:161,1
DA:162,1
DA:163,1
DA:164,1
DA:165,1
DA:166,1
DA:167,1
DA:168,1
DA:169,5
DA:170,5
DA:171,5
DA:172,5
DA:173,1
DA:174,1
DA:175,1
DA:176,1
DA:177,1
DA:178,1
DA:179,1
DA:180,1
DA:181,4
DA:182,4
DA:183,1
DA:184,1
DA:185,1
DA:186,1
DA:187,1
DA:188,1
DA:189,1
DA:190,1
DA:191,3
DA:192,3
DA:193,1
DA:194,1
DA:195,1
DA:196,1
DA:197,1
DA:198,1
DA:199,1
DA:200,1
DA:201,1
DA:202,1
DA:203,4
DA:204,4
DA:205,4
DA:206,1
DA:207,1
DA:208,2
DA:209,2
DA:210,1
DA:211,1
DA:212,1
DA:213,1
DA:214,3
DA:215,3
DA:216,3
DA:217,3
DA:218,1
DA:219,1
DA:220,1
DA:221,1
DA:222,1
DA:223,1
DA:224,1
DA:225,1
DA:226,1
DA:227,1
DA:228,1
DA:229,1
DA:230,1
DA:231,1
DA:232,1
DA:233,1
DA:234,1
DA:235,1
DA:236,1
DA:237,1
DA:238,1
DA:239,1
DA:240,1
DA:241,1
DA:242,1
DA:243,1
DA:244,1
DA:245,1
DA:246,1
DA:247,1
DA:248,1
DA:249,1
DA:250,1
DA:251,1
DA:252,1
DA:253,1
DA:254,1
DA:255,1
DA:256,1
DA:257,1
DA:258,1
DA:259,1
DA:260,1
DA:261,1
DA:262,1
DA:263,1
DA:264,1
DA:265,1
DA:266,1
LF:266
LH:266
BRDA:1,0,0,1
BRDA:3,1,0,5
BRDA:5,2,0,8
BRDA:6,3,0,7
BRDA:6,4,0,1
BRDA:12,5,0,9
BRDA:17,6,0,1
BRDA:23,7,0,24
BRDA:28,8,0,5
BRDA:29,9,0,3
BRDA:34,10,0,70
BRDA:39,11,0,18
BRDA:45,12,0,8
BRDA:52,13,0,2
BRDA:53,14,0,1
BRDA:53,15,0,1
BRDA:58,16,0,4
BRDA:65,17,0,1
BRDA:71,18,0,40
BRDA:76,19,0,2
BRDA:82,20,0,9
BRDA:88,21,0,2
BRDA:89,22,0,1
BRDA:89,23,0,1
BRDA:95,24,0,6
BRDA:100,25,0,2
BRDA:101,26,0,1
BRDA:101,27,0,1
BRDA:106,28,0,38
BRDA:110,29,0,4
BRDA:116,30,0,24
BRDA:120,31,0,8
BRDA:126,32,0,7
BRDA:130,33,0,3
BRDA:136,34,0,6
BRDA:141,35,0,1
BRDA:147,36,0,3
BRDA:152,37,0,1
BRDA:158,38,0,3
BRDA:162,39,0,1
BRDA:168,40,0,5
BRDA:174,41,0,1
BRDA:180,42,0,4
BRDA:184,43,0,1
BRDA:190,44,0,3
BRDA:194,45,0,1
BRDA:196,46,0,2
BRDA:202,47,0,4
BRDA:207,48,0,2
BRDA:208,49,0,1
BRDA:208,50,0,1
BRDA:213,51,0,3
BRDA:219,52,0,1
BRF:53
BRH:53
end_of_record
TN:
SF:lib/jazz/compiler.js
FN:7,CompileError
FN:15,toString
FN:21,Program
FN:27,eval
FN:31,process
FN:36,_namespaceToArgs
FN:46,CompilerJS
FN:51,_prologue
FN:80,_epilogue
FN:88,compile
FN:95,_newVar
FN:101,_compileSuite
FN:110,_compileStatement
FN:137,_compileEcho
FN:145,_compileCall
FN:160,_compileIfStmt
FN:171,_compileForEach
FN:206,_compileHash
FN:224,_compileExpr
FN:308,createCompiler
FNF:20
FNH:20
FNDA:3,CompileError
FNDA:1,toString
FNDA:5,Program
FNDA:1,eval
FNDA:5,process
FNDA:5,_namespaceToArgs
FNDA:7,CompilerJS
FNDA:3,_prologue
FNDA:3,_epilogue
FNDA:3,compile
FNDA:45,_newVar
FNDA:10,_compileSuite
FNDA:41,_compileStatement
FNDA:34,_compileEcho
FNDA:1,_compileCall
FNDA:2,_compileIfStmt
FNDA:2,_compileForEach
FNDA:1,_compileHash
FNDA:90,_compileExpr
FNDA:7,createCompiler
DA:1,1
DA:2,1
DA:3,1
DA:4,1
DA:5,1
DA:6,1
DA:7,1
DA:8,3
DA:9,3
DA:10,3
DA:11,3
DA:12,3
DA:13,3
DA:14,1
DA:15,1
DA:16,1
DA:17,1
DA:18,1
DA:19,1
DA:20,1
DA:21,1
DA:22,5
DA:23,5
DA:24,5
DA:25,1
DA:26,1
DA:27,1
DA:28,1
DA:29,1
DA:30,1
DA:31,1
DA:32,5
DA:33,5
DA:34,5
DA:35,1
DA:36,1
DA:37,5
DA:38,5
DA:39,13
DA:40,13
DA:41,5
DA:42,5
DA:43,1
DA:44,1
DA:45,1
DA:46,1
DA:47,7
DA:48,7
DA:49,7
DA:50,1
DA:51,1
DA:52,3
DA:53,3
DA:54,3
DA:55,3
DA:56,3
DA:57,3
DA:58,3
DA:59,3
DA:60,3
DA:61,3
DA:62,3
DA:63,3
DA:64,3
DA:65,3
DA:66,3
DA:67,3
DA:68,3
DA:69,3
DA:70,3
DA:71,3
DA:72,3
DA:73,10
DA:74,10
DA:75,10
DA:76,3
DA:77,3
DA:78,3
DA:79,1
DA:80,1
DA:81,3
DA:82,3
DA:83,3
DA:84,3
DA:85,3
DA:86,3
DA:87,1
DA:88,1
DA:89,3
DA:90,3
DA:91,3
DA:92,3
DA:93,3
DA:94,1
DA:95,1
DA:96,45
DA:97,45
DA:98,45
DA:99,45
DA:100,1
DA:101,1
DA:102,10
DA:103,10
DA:104,39
DA:105,39
DA:106,10
DA:107,10
DA:108,10
DA:109,1
DA:110,1
DA:111,41
DA:112,41
DA:113,41
DA:114,2
DA:115,41
DA:116,2
DA:117,39
DA:118,33
DA:119,37
DA:120,1
DA:121,4
DA:122,1
DA:123,3
DA:124,1
DA:125,1
DA:126,1
DA:127,1
DA:128,1
DA:129,1
DA:130,1
DA:131,1
DA:132,1
DA:133,40
DA:134,40
DA:135,41
DA:136,1
DA:137,1
DA:138,34
DA:139,34
DA:140,34
DA:141,34
DA:142,34
DA:143,34
DA:144,1
DA:145,1
DA:146,1
DA:147,1
DA:148,1
DA:149,1
DA:150,1
DA:151,1
DA:152,2
DA:153,2
DA:154,2
DA:155,1
DA:156,1
DA:157,1
DA:158,1
DA:159,1
DA:160,1
DA:161,2
DA:162,2
DA:163,2
DA:164,2
DA:165,2
DA:166,1
DA:167,1
DA:168,2
DA:169,2
DA:170,1
DA:171,1
DA:172,2
DA:173,2
DA:174,2
DA:175,2
DA:176,2
DA:177,2
DA:178,2
DA:179,2
DA:180,2
DA:181,2
DA:182,2
DA:183,2
DA:184,2
DA:185,2
DA:186,2
DA:187,2
DA:188,2
DA:189,2
DA:190,2
DA:191,2
DA:192,2
DA:193,2
DA:194,2
DA:195,2
DA:196,2
DA:197,2
DA:198,2
DA:199,2
DA:200,2
DA:201,2
DA:202,2
DA:203,2
DA:204,2
DA:205,1
DA:206,1
DA:207,1
DA:208,1
DA:209,1
DA:210,1
DA:211,2
DA:212,2
DA:213,2
DA:214,2
DA:215,2
DA:216,1
DA:217,1
DA:218,2
DA:219,1
DA:220,1
DA:221,1
DA:222,1
DA:223,1
DA:224,1
DA:225,90
DA:226,34
DA:227,34
DA:228,56
DA:229,90
DA:230,6
DA:231,1
DA:232,1
DA:233,5
DA:234,5
DA:235,50
DA:236,90
DA:237,1
DA:238,1
DA:239,49
DA:240,90
DA:241,1
DA:242,1
DA:243,48
DA:244,90
DA:245,1
DA:246,1
DA:247,47
DA:248,90
DA:249,1
DA:250,1
DA:251,46
DA:252,90
DA:253,26
DA:254,26
DA:255,26
DA:256,26
DA:257,26
DA:258,26
DA:259,20
DA:260,90
DA:261,11
DA:262,11
DA:263,9
DA:264,90
DA:265,1
DA:266,1
DA:267,8
DA:268,90
DA:269,2
DA:270,2
DA:271,2
DA:272,2
DA:273,2
DA:274,2
DA:275,2
DA:276,6
DA:277,90
DA:278,1
DA:279,1
DA:280,5
DA:281,90
DA:282,2
DA:283,2
DA:284,2
DA:285,2
DA:286,3
DA:287,3
DA:288,1
DA:289,1
DA:290,3
DA:291,2
DA:292,2
DA:293,2
DA:294,3
DA:295,90
DA:296,2
DA:297,2
DA:298,1
DA:299,1
DA:300,1
DA:301,1
DA:302,1
DA:303,1
DA:304,1
DA:305,90
DA:306,1
DA:307,1
DA:308,7
DA:309,7
DA:310,7
DA:311,1
DA:312,1
DA:313,1
DA:314,1
DA:315,1
DA:316,1
DA:317,1
DA:318,1
DA:319,1
LF:319
LH:319
BRDA:1,0,0,1
BRDA:7,1,0,3
BRDA:11,2,0,1
BRDA:12,3,0,1
BRDA:15,4,0,1
BRDA:21,5,0,5
BRDA:27,6,0,1
BRDA:31,7,0,5
BRDA:36,8,0,5
BRDA:38,9,0,13
BRDA:46,10,0,7
BRDA:51,11,0,3
BRDA:72,12,0,10
BRDA:80,13,0,3
BRDA:88,14,0,3
BRDA:95,15,0,45
BRDA:101,16,0,10
BRDA:103,17,0,39
BRDA:110,18,0,41
BRDA:113,19,0,2
BRDA:115,20,0,39
BRDA:115,21,0,2
BRDA:117,22,0,37
BRDA:117,23,0,33
BRDA:119,24,0,4
BRDA:119,25,0,1
BRDA:121,26,0,3
BRDA:121,27,0,1
BRDA:123,28,0,2
BRDA:123,29,0,1
BRDA:133,30,0,40
BRDA:137,31,0,34
BRDA:145,32,0,1
BRDA:151,33,0,2
BRDA:160,34,0,2
BRDA:165,35,0,1
BRDA:171,36,0,2
BRDA:206,37,0,1
BRDA:210,38,0,2
BRDA:215,39,0,1
BRDA:224,40,0,90
BRDA:225,41,0,34
BRDA:228,42,0,56
BRDA:229,43,0,6
BRDA:230,44,0,1
BRDA:233,45,0,5
BRDA:235,46,0,50
BRDA:236,47,0,1
BRDA:239,48,0,49
BRDA:240,49,0,1
BRDA:243,50,0,48
BRDA:244,51,0,1
BRDA:247,52,0,47
BRDA:248,53,0,1
BRDA:251,54,0,46
BRDA:252,55,0,26
BRDA:259,56,0,20
BRDA:260,57,0,11
BRDA:263,58,0,9
BRDA:264,59,0,1
BRDA:267,60,0,8
BRDA:268,61,0,2
BRDA:276,62,0,6
BRDA:277,63,0,1
BRDA:280,64,0,5
BRDA:281,65,0,2
BRDA:285,66,0,3
BRDA:287,67,0,1
BRDA:294,68,0,3
BRDA:295,69,0,2
BRDA:298,70,0,1
BRDA:308,71,0,7
BRF:72
BRH:72
end_of_record
TN:
SF:lib/jazz/error.js
FN:7,SyntaxError
FN:15,toString
FNF:2
FNH:2
FNDA:8,SyntaxError
FNDA:1,toString
DA:1,1
DA:2,1
DA:3,1
DA:4,1
DA:5,1
DA:6,1
DA:7,1
DA:8,8
DA:9,8
DA:10,8
DA:11,8
DA:12,8
DA:13,8
DA:14,1
DA:15,1
DA:16,1
DA:17,1
DA:18,1
DA:19,1
DA:20,1
DA:21,1
DA:22,1
DA:23,1
DA:24,1
LF:24
LH:24
BRDA:1,0,0,1
BRDA:7,1,0,8
BRDA:11,2,0,1
BRDA:12,3,0,1
BRDA:15,4,0,1
BRF:5
BRH:5
end_of_record
TN:
SF:lib/jazz/parser.js
FN:7,inArray
FN:12,Parser
FN:20,peek
FN:28,next
FN:37,current
FN:41,parse
FN:48,_pushLocals
FN:52,_popLocals
FN:56,_declareLocal
FN:62,_declareGlobal
FN:68,_isLocal
FN:72,_syntaxError
FN:76,_check
FN:84,_expect
FN:89,_parseExpr
FN:101,_parseComparisonExpr
FN:118,_parseSimpleExpr
FN:170,_parseGetAttrList
FN:191,_parseHash
FN:207,_parseIdent
FN:213,_parseSuite
FN:246,_parseIfStmt
FN:268,_parseEcho
FN:274,_parseEchoExpr
FN:286,_parseArgumentList
FN:304,_parseForEach
FN:318,createParser
FNF:27
FNH:27
FNDA:65,inArray
FNDA:12,Parser
FNDA:2,peek
FNDA:155,next
FNDA:869,current
FNDA:9,parse
FNDA:4,_pushLocals
FNDA:4,_popLocals
FNDA:5,_declareLocal
FNDA:28,_declareGlobal
FNDA:32,_isLocal
FNDA:2,_syntaxError
FNDA:122,_check
FNDA:36,_expect
FNDA:45,_parseExpr
FNDA:48,_parseComparisonExpr
FNDA:55,_parseSimpleExpr
FNDA:43,_parseGetAttrList
FNDA:1,_parseHash
FNDA:36,_parseIdent
FNDA:20,_parseSuite
FNDA:6,_parseIfStmt
FNDA:26,_parseEcho
FNDA:17,_parseEchoExpr
FNDA:7,_parseArgumentList
FNDA:3,_parseForEach
FNDA:12,createParser
DA:1,1
DA:2,1
DA:3,1
DA:4,1
DA:5,1
DA:6,1
DA:7,65
DA:8,65
DA:9,65
DA:10,1
DA:11,1
DA:12,1
DA:13,12
DA:14,12
DA:15,12
DA:16,12
DA:17,12
DA:18,12
DA:19,1
DA:20,1
DA:21,2
DA:22,1
DA:23,1
DA:24,1
DA:25,1
DA:26,2
DA:27,1
DA:28,1
DA:29,155
DA:30,155
DA:31,155
DA:32,155
DA:33,155
DA:34,155
DA:35,155
DA:36,1
DA:37,1
DA:38,869
DA:39,869
DA:40,1
DA:41,1
DA:42,9
DA:43,9
DA:44,9
DA:45,9
DA:46,9
DA:47,1
DA:48,1
DA:49,4
DA:50,4
DA:51,1
DA:52,1
DA:53,4
DA:54,4
DA:55,1
DA:56,1
DA:57,5
DA:58,4
DA:59,4
DA:60,5
DA:61,1
DA:62,1
DA:63,28
DA:64,24
DA:65,24
DA:66,28
DA:67,1
DA:68,1
DA:69,32
DA:70,32
DA:71,1
DA:72,1
DA:73,2
DA:74,2
DA:75,1
DA:76,1
DA:77,122
DA:78,122
DA:79,1
DA:80,1
DA:81,121
DA:82,122
DA:83,1
DA:84,1
DA:85,36
DA:86,36
DA:87,36
DA:88,1
DA:89,1
DA:90,45
DA:91,45
DA:92,4
DA:93,4
DA:94,45
DA:95,1
DA:96,1
DA:97,1
DA:98,44
DA:99,45
DA:100,1
DA:101,1
DA:102,48
DA:103,48
DA:104,48
DA:105,1
DA:106,1
DA:107,48
DA:108,1
DA:109,1
DA:110,46
DA:111,1
DA:112,1
DA:113,1
DA:114,47
DA:115,47
DA:116,48
DA:117,1
DA:118,1
DA:119,55
DA:120,55
DA:121,55
DA:122,1
DA:123,1
DA:124,55
DA:125,1
DA:126,1
DA:127,1
DA:128,54
DA:129,1
DA:130,1
DA:131,1
DA:132,53
DA:133,2
DA:134,2
DA:135,2
DA:136,2
DA:137,2
DA:138,2
DA:139,52
DA:140,30
DA:141,30
DA:142,26
DA:143,26
DA:144,30
DA:145,50
DA:146,4
DA:147,4
DA:148,4
DA:149,20
DA:150,10
DA:151,10
DA:152,10
DA:153,16
DA:154,3
DA:155,3
DA:156,3
DA:157,3
DA:158,2
DA:159,2
DA:160,3
DA:161,1
DA:162,1
DA:163,1
DA:164,1
DA:165,1
DA:166,54
DA:167,54
DA:168,55
DA:169,1
DA:170,1
DA:171,43
DA:172,43
DA:173,43
DA:174,6
DA:175,6
DA:176,3
DA:177,3
DA:178,3
DA:179,6
DA:180,2
DA:181,2
DA:182,2
DA:183,2
DA:184,6
DA:185,6
DA:186,6
DA:187,43
DA:188,43
DA:189,43
DA:190,1
DA:191,1
DA:192,1
DA:193,1
DA:194,1
DA:195,2
DA:196,2
DA:197,2
DA:198,2
DA:199,2
DA:200,1
DA:201,1
DA:202,2
DA:203,1
DA:204,1
DA:205,1
DA:206,1
DA:207,1
DA:208,36
DA:209,36
DA:210,36
DA:211,36
DA:212,1
DA:213,1
DA:214,20
DA:215,20
DA:216,20
DA:217,20
DA:218,70
DA:219,70
DA:220,70
DA:221,6
DA:222,6
DA:223,70
DA:224,26
DA:225,26
DA:226,70
DA:227,70
DA:228,70
DA:229,70
DA:230,70
DA:231,70
DA:232,70
DA:233,17
DA:234,17
DA:235,70
DA:236,3
DA:237,3
DA:238,70
DA:239,18
DA:240,70
DA:241,70
DA:242,18
DA:243,18
DA:244,20
DA:245,1
DA:246,1
DA:247,6
DA:248,6
DA:249,6
DA:250,6
DA:251,6
DA:252,6
DA:253,6
DA:254,1
DA:255,1
DA:256,1
DA:257,1
DA:258,5
DA:259,6
DA:260,2
DA:261,2
DA:262,2
DA:263,5
DA:264,5
DA:265,5
DA:266,6
DA:267,1
DA:268,1
DA:269,26
DA:270,26
DA:271,26
DA:272,26
DA:273,1
DA:274,1
DA:275,17
DA:276,17
DA:277,5
DA:278,5
DA:279,5
DA:280,5
DA:281,5
DA:282,12
DA:283,12
DA:284,17
DA:285,1
DA:286,1
DA:287,7
DA:288,2
DA:289,2
DA:290,5
DA:291,5
DA:292,7
DA:293,8
DA:294,8
DA:295,8
DA:296,5
DA:297,5
DA:298,3
DA:299,3
DA:300,5
DA:301,5
DA:302,7
DA:303,1
DA:304,1
DA:305,3
DA:306,3
DA:307,3
DA:308,3
DA:309,3
DA:310,3
DA:311,3
DA:312,3
DA:313,3
DA:314,3
DA:315,3
DA:316,1
DA:317,1
DA:318,12
DA:319,12
DA:320,12
DA:321,1
DA:322,1
DA:323,1
DA:324,1
DA:325,1
DA:326,1
DA:327,1
LF:327
LH:327
BRDA:1,0,0,1
BRDA:7,1,0,65
BRDA:12,2,0,12
BRDA:20,3,0,2
BRDA:21,4,0,1
BRDA:28,5,0,155
BRDA:37,6,0,869
BRDA:41,7,0,9
BRDA:48,8,0,4
BRDA:52,9,0,4
BRDA:56,10,0,5
BRDA:57,11,0,4
BRDA:62,12,0,28
BRDA:63,13,0,24
BRDA:68,14,0,32
BRDA:72,15,0,2
BRDA:76,16,0,122
BRDA:78,17,0,1
BRDA:81,18,0,121
BRDA:84,19,0,36
BRDA:89,20,0,45
BRDA:91,21,0,4
BRDA:94,22,0,40
BRDA:94,23,0,1
BRDA:98,24,0,44
BRDA:101,25,0,48
BRDA:104,26,0,1
BRDA:107,27,0,46
BRDA:107,28,0,1
BRDA:110,29,0,45
BRDA:110,30,0,1
BRDA:114,31,0,47
BRDA:118,32,0,55
BRDA:121,33,0,1
BRDA:124,34,0,54
BRDA:124,35,0,1
BRDA:128,36,0,53
BRDA:128,37,0,1
BRDA:132,38,0,52
BRDA:132,39,0,2
BRDA:139,40,0,50
BRDA:139,41,0,30
BRDA:141,42,0,26
BRDA:145,43,0,20
BRDA:145,44,0,4
BRDA:149,45,0,16
BRDA:149,46,0,10
BRDA:153,47,0,6
BRDA:153,48,0,3
BRDA:157,49,0,2
BRDA:160,50,0,1
BRDA:170,51,0,43
BRDA:173,52,0,45
BRDA:173,53,0,6
BRDA:175,54,0,3
BRDA:179,55,0,2
BRDA:184,56,0,1
BRDA:191,57,0,1
BRDA:194,58,0,2
BRDA:199,59,0,1
BRDA:207,60,0,36
BRDA:213,61,0,20
BRDA:217,62,0,70
BRDA:220,63,0,6
BRDA:223,64,0,26
BRDA:226,65,0,15
BRDA:227,66,0,15
BRDA:228,67,0,15
BRDA:229,68,0,15
BRDA:230,69,0,15
BRDA:231,70,0,15
BRDA:232,71,0,17
BRDA:235,72,0,3
BRDA:238,73,0,18
BRDA:242,74,0,18
BRDA:246,75,0,6
BRDA:253,76,0,1
BRDA:258,77,0,5
BRDA:259,78,0,2
BRDA:263,79,0,5
BRDA:268,80,0,26
BRDA:274,81,0,17
BRDA:276,82,0,5
BRDA:282,83,0,12
BRDA:286,84,0,7
BRDA:287,85,0,2
BRDA:290,86,0,5
BRDA:292,87,0,8
BRDA:295,88,0,5
BRDA:298,89,0,3
BRDA:300,90,0,5
BRDA:304,91,0,3
BRDA:318,92,0,12
BRF:93
BRH:93
end_of_record
TN:
SF:lib/jazz/scanner.js
FN:9,isIdentChar
FN:22,keyword
FN:39,ident
FN:55,num
FN:92,str
FN:139,Scanner
FN:149,next
FN:157,_syntaxError
FN:161,_unexpectedToken
FN:166,_echoState
FN:173,step
FN:218,_makeToken
FN:238,_codeState
FN:243,step
FN:401,createScanner
FNF:15
FNH:15
FNDA:283,isIdentChar
FNDA:1247,keyword
FNDA:47,ident
FNDA:16,num
FNDA:10,str
FNDA:28,Scanner
FNDA:280,next
FNDA:4,_syntaxError
FNDA:4,_unexpectedToken
FNDA:53,_echoState
FNDA:63,step
FNDA:228,_makeToken
FNDA:227,_codeState
FNDA:299,step
FNDA:28,createScanner
DA:1,1
DA:2,1
DA:3,1
DA:4,1
DA:5,1
DA:6,1
DA:7,1
DA:8,1
DA:9,283
DA:10,283
DA:11,1
DA:12,1
DA:13,282
DA:14,282
DA:15,283
DA:16,283
DA:17,283
DA:18,105
DA:19,283
DA:20,283
DA:21,1
DA:22,1247
DA:23,1247
DA:24,1247
DA:25,1247
DA:26,64
DA:27,64
DA:28,1183
DA:29,1247
DA:30,1437
DA:31,1128
DA:32,1128
DA:33,309
DA:34,309
DA:35,55
DA:36,55
DA:37,1247
DA:38,1
DA:39,47
DA:40,47
DA:41,47
DA:42,47
DA:43,47
DA:44,228
DA:45,181
DA:46,181
DA:47,228
DA:48,47
DA:49,47
DA:50,228
DA:51,47
DA:52,47
DA:53,47
DA:54,1
DA:55,16
DA:56,16
DA:57,16
DA:58,16
DA:59,16
DA:60,16
DA:61,16
DA:62,16
DA:63,3
DA:64,16
DA:65,2
DA:66,2
DA:67,2
DA:68,16
DA:69,16
DA:70,38
DA:71,18
DA:72,38
DA:73,1
DA:74,1
DA:75,20
DA:76,5
DA:77,5
DA:78,3
DA:79,5
DA:80,3
DA:81,5
DA:82,2
DA:83,2
DA:84,19
DA:85,14
DA:86,14
DA:87,38
DA:88,16
DA:89,16
DA:90,16
DA:91,1
DA:92,10
DA:93,10
DA:94,10
DA:95,10
DA:96,10
DA:97,10
DA:98,10
DA:99,36
DA:100,9
DA:101,9
DA:102,27
DA:103,36
DA:104,5
DA:105,5
DA:106,5
DA:107,5
DA:108,22
DA:109,36
DA:110,5
DA:111,5
DA:112,1
DA:113,1
DA:114,5
DA:115,1
DA:116,1
DA:117,5
DA:118,1
DA:119,1
DA:120,5
DA:121,1
DA:122,1
DA:123,5
DA:124,1
DA:125,5
DA:126,5
DA:127,5
DA:128,5
DA:129,5
DA:130,17
DA:131,17
DA:132,17
DA:133,17
DA:134,1
DA:135,1
DA:136,10
DA:137,1
DA:138,1
DA:139,1
DA:140,28
DA:141,28
DA:142,28
DA:143,28
DA:144,28
DA:145,28
DA:146,28
DA:147,28
DA:148,1
DA:149,1
DA:150,280
DA:151,53
DA:152,53
DA:153,227
DA:154,227
DA:155,280
DA:156,1
DA:157,1
DA:158,4
DA:159,4
DA:160,1
DA:161,1
DA:162,4
DA:163,4
DA:164,4
DA:165,1
DA:166,1
DA:167,53
DA:168,53
DA:169,53
DA:170,53
DA:171,53
DA:172,53
DA:173,53
DA:174,63
DA:175,63
DA:176,53
DA:177,53
DA:178,53
DA:179,110
DA:180,49
DA:181,1
DA:182,1
DA:183,49
DA:184,48
DA:185,48
DA:186,48
DA:187,110
DA:188,2
DA:189,1
DA:190,1
DA:191,1
DA:192,1
DA:193,1
DA:194,61
DA:195,1
DA:196,1
DA:197,1
DA:198,59
DA:199,58
DA:200,58
DA:201,61
DA:202,61
DA:203,61
DA:204,52
DA:205,52
DA:206,52
DA:207,53
DA:208,28
DA:209,28
DA:210,24
DA:211,53
DA:212,2
DA:213,2
DA:214,22
DA:215,22
DA:216,53
DA:217,1
DA:218,1
DA:219,228
DA:220,228
DA:221,228
DA:222,228
DA:223,228
DA:224,228
DA:225,228
DA:226,108
DA:227,228
DA:228,1
DA:229,1
DA:230,1
DA:231,1
DA:232,1
DA:233,1
DA:234,228
DA:235,228
DA:236,228
DA:237,1
DA:238,1
DA:239,227
DA:240,227
DA:241,227
DA:242,227
DA:243,227
DA:244,299
DA:245,299
DA:246,227
DA:247,227
DA:248,227
DA:249,305
DA:250,77
DA:251,305
DA:252,3
DA:253,3
DA:254,3
DA:255,3
DA:256,228
DA:257,41
DA:258,41
DA:259,41
DA:260,225
DA:261,3
DA:262,3
DA:263,3
DA:264,3
DA:265,184
DA:266,3
DA:267,3
DA:268,3
DA:269,181
DA:270,10
DA:271,10
DA:272,10
DA:273,178
DA:274,10
DA:275,10
DA:276,10
DA:277,168
DA:278,3
DA:279,3
DA:280,3
DA:281,158
DA:282,3
DA:283,3
DA:284,3
DA:285,155
DA:286,9
DA:287,9
DA:288,9
DA:289,152
DA:290,5
DA:291,5
DA:292,5
DA:293,143
DA:294,5
DA:295,5
DA:296,5
DA:297,138
DA:298,10
DA:299,10
DA:300,10
DA:301,10
DA:302,133
DA:303,16
DA:304,16
DA:305,16
DA:306,16
DA:307,123
DA:308,3
DA:309,3
DA:310,3
DA:311,107
DA:312,9
DA:313,9
DA:314,9
DA:315,104
DA:316,2
DA:317,2
DA:318,2
DA:319,95
DA:320,1
DA:321,93
DA:322,3
DA:323,3
DA:324,3
DA:325,92
DA:326,5
DA:327,5
DA:328,5
DA:329,89
DA:330,2
DA:331,2
DA:332,2
DA:333,84
DA:334,2
DA:335,2
DA:336,2
DA:337,82
DA:338,2
DA:339,2
DA:340,2
DA:341,80
DA:342,2
DA:343,2
DA:344,2
DA:345,78
DA:346,2
DA:347,2
DA:348,2
DA:349,76
DA:350,4
DA:351,4
DA:352,4
DA:353,74
DA:354,4
DA:355,4
DA:356,4
DA:357,70
DA:358,8
DA:359,8
DA:360,8
DA:361,66
DA:362,3
DA:363,3
DA:364,3
DA:365,58
DA:366,4
DA:367,4
DA:368,4
DA:369,55
DA:370,2
DA:371,2
DA:372,2
DA:373,51
DA:374,49
DA:375,49
DA:376,4
DA:377,49
DA:378,47
DA:379,47
DA:380,47
DA:381,47
DA:382,49
DA:383,2
DA:384,2
DA:385,305
DA:386,224
DA:387,224
DA:388,224
DA:389,227
DA:390,181
DA:391,181
DA:392,43
DA:393,227
DA:394,15
DA:395,15
DA:396,28
DA:397,28
DA:398,227
DA:399,1
DA:400,1
DA:401,28
DA:402,28
DA:403,28
DA:404,1
DA:405,1
DA:406,1
DA:407,1
DA:408,1
DA:409,1
DA:410,1
LF:410
LH:410
BRDA:1,0,0,1
BRDA:9,1,0,283
BRDA:10,2,0,1
BRDA:13,3,0,282
BRDA:15,4,0,204
BRDA:15,5,0,107
BRDA:16,6,0,38
BRDA:16,7,0,105
BRDA:17,8,0,36
BRDA:17,9,0,105
BRDA:22,10,0,1247
BRDA:25,11,0,64
BRDA:28,12,0,1183
BRDA:29,13,0,1491
BRDA:29,14,0,1437
BRDA:30,15,0,1128
BRDA:33,16,0,309
BRDA:35,17,0,55
BRDA:39,18,0,47
BRDA:43,19,0,228
BRDA:44,20,0,181
BRDA:47,21,0,47
BRDA:55,22,0,16
BRDA:62,23,0,3
BRDA:64,24,0,2
BRDA:69,25,0,38
BRDA:70,26,0,25
BRDA:70,27,0,18
BRDA:72,28,0,20
BRDA:72,29,0,15
BRDA:72,30,0,14
BRDA:72,31,0,1
BRDA:75,32,0,19
BRDA:75,33,0,5
BRDA:77,34,0,3
BRDA:77,35,0,3
BRDA:78,36,0,2
BRDA:79,37,0,3
BRDA:81,38,0,2
BRDA:84,39,0,14
BRDA:92,40,0,10
BRDA:98,41,0,36
BRDA:99,42,0,9
BRDA:102,43,0,27
BRDA:103,44,0,22
BRDA:103,45,0,5
BRDA:108,46,0,22
BRDA:109,47,0,5
BRDA:111,48,0,1
BRDA:114,49,0,1
BRDA:117,50,0,1
BRDA:120,51,0,1
BRDA:123,52,0,1
BRDA:130,53,0,17
BRDA:134,54,0,1
BRDA:139,55,0,28
BRDA:142,56,0,1
BRDA:149,57,0,280
BRDA:150,58,0,53
BRDA:153,59,0,227
BRDA:157,60,0,4
BRDA:161,61,0,4
BRDA:162,62,0,1
BRDA:162,63,0,3
BRDA:166,64,0,53
BRDA:178,65,0,110
BRDA:179,66,0,49
BRDA:180,67,0,1
BRDA:183,68,0,48
BRDA:187,69,0,61
BRDA:187,70,0,2
BRDA:188,71,0,1
BRDA:188,72,0,1
BRDA:194,73,0,59
BRDA:194,74,0,1
BRDA:198,75,0,58
BRDA:204,76,0,52
BRDA:207,77,0,28
BRDA:210,78,0,24
BRDA:211,79,0,2
BRDA:214,80,0,22
BRDA:173,81,0,63
BRDA:218,82,0,228
BRDA:220,83,0,30
BRDA:220,84,0,30
BRDA:220,85,0,198
BRDA:222,86,0,30
BRDA:222,87,0,30
BRDA:222,88,0,198
BRDA:225,89,0,108
BRDA:227,90,0,120
BRDA:227,91,0,1
BRDA:227,92,0,1
BRDA:228,93,0,1
BRDA:238,94,0,227
BRDA:248,95,0,305
BRDA:249,96,0,228
BRDA:249,97,0,77
BRDA:251,98,0,228
BRDA:251,99,0,3
BRDA:256,100,0,225
BRDA:256,101,0,44
BRDA:256,102,0,41
BRDA:260,103,0,184
BRDA:260,104,0,3
BRDA:265,105,0,181
BRDA:265,106,0,3
BRDA:269,107,0,178
BRDA:269,108,0,10
BRDA:273,109,0,168
BRDA:273,110,0,10
BRDA:277,111,0,158
BRDA:277,112,0,3
BRDA:281,113,0,155
BRDA:281,114,0,3
BRDA:285,115,0,152
BRDA:285,116,0,9
BRDA:289,117,0,143
BRDA:289,118,0,5
BRDA:293,119,0,138
BRDA:293,120,0,5
BRDA:297,121,0,133
BRDA:297,122,0,132
BRDA:297,123,0,10
BRDA:302,124,0,123
BRDA:302,125,0,16
BRDA:307,126,0,107
BRDA:307,127,0,3
BRDA:311,128,0,104
BRDA:311,129,0,9
BRDA:315,130,0,95
BRDA:315,131,0,2
BRDA:319,132,0,93
BRDA:319,133,0,1
BRDA:321,134,0,92
BRDA:321,135,0,3
BRDA:325,136,0,89
BRDA:325,137,0,5
BRDA:329,138,0,84
BRDA:329,139,0,2
BRDA:333,140,0,82
BRDA:333,141,0,2
BRDA:337,142,0,80
BRDA:337,143,0,2
BRDA:341,144,0,78
BRDA:341,145,0,2
BRDA:345,146,0,76
BRDA:345,147,0,2
BRDA:349,148,0,74
BRDA:349,149,0,4
BRDA:353,150,0,70
BRDA:353,151,0,4
BRDA:357,152,0,66
BRDA:357,153,0,8
BRDA:361,154,0,58
BRDA:361,155,0,3
BRDA:365,156,0,55
BRDA:365,157,0,4
BRDA:369,158,0,51
BRDA:369,159,0,2
BRDA:373,160,0,49
BRDA:374,161,0,45
BRDA:374,162,0,4
BRDA:375,163,0,3
BRDA:375,164,0,4
BRDA:377,165,0,47
BRDA:382,166,0,2
BRDA:386,167,0,224
BRDA:389,168,0,181
BRDA:392,169,0,43
BRDA:393,170,0,15
BRDA:396,171,0,28
BRDA:243,172,0,299
BRDA:401,173,0,28
BRF:174
BRH:174
end_of_record
TN:
SF:lib/jazz/tokens.js
FNF:0
FNH:0
DA:1,1
DA:2,1
DA:3,1
DA:4,1
DA:5,1
DA:6,1
DA:7,1
DA:8,1
DA:9,1
DA:10,1
DA:11,1
DA:12,1
DA:13,1
DA:14,1
DA:15,1
DA:16,1
DA:17,1
DA:18,1
DA:19,1
DA:20,1
DA:21,1
DA:22,1
DA:23,1
DA:24,1
DA:25,1
DA:26,1
DA:27,1
DA:28,1
DA:29,1
DA:30,1
DA:31,1
DA:32,1
DA:33,1
DA:34,1
DA:35,1
DA:36,1
DA:37,1
DA:38,1
DA:39,1
DA:40,1
DA:41,1
DA:42,1
DA:43,1
DA:44,1
DA:45,1
DA:46,1
DA:47,1
DA:48,1
DA:49,1
DA:50,1
DA:51,1
DA:52,1
DA:53,1
DA:54,1
DA:55,1
DA:56,1
DA:57,1
DA:58,1
DA:59,1
DA:60,1
DA:61,1
DA:62,1
DA:63,1
DA:64,1
DA:65,1
DA:66,1
DA:67,1
LF:67
LH:67
BRDA:1,0,0,1
BRF:1
BRH:1
end_of_record
